<?xml version="1.0" encoding="UTF-8"?>
<Site BuildName="Linux-g++"
	BuildStamp="20231029-0816-Experimental"
	Name="ArchDes420"
	Generator="ctest-3.27.7"
	CompilerName="/usr/bin/g++"
	CompilerVersion="13.2.1"
	OSName="Linux"
	Hostname="ArchDes420"
	OSRelease="6.5.7-arch1-1"
	OSVersion="#1 SMP PREEMPT_DYNAMIC Tue, 10 Oct 2023 21:10:21 +0000"
	OSPlatform="x86_64"
	Is64Bits="1"
	VendorString="GenuineIntel"
	VendorID="Intel Corporation"
	FamilyID="6"
	ModelID="158"
	ProcessorCacheSize="12288"
	NumberOfLogicalCPU="12"
	NumberOfPhysicalCPU="6"
	TotalVirtualMemory="16383"
	TotalPhysicalMemory="15927"
	LogicalProcessorsPerPhysical="2"
	ProcessorClockFrequency="4300.29"
	>
	<Testing>
		<StartDateTime>Oct 29 12:04 IST</StartDateTime>
		<StartTestTime>1698573884</StartTestTime>
		<TestList/>
		<EndDateTime>Oct 29 12:04 IST</EndDateTime>
		<EndTestTime>1698573884</EndTestTime>
		<ElapsedMinutes>0</ElapsedMinutes>
	</Testing>
</Site>
